03:52:04 **** Incremental Build of configuration Debug for project Examoles ****
Info: Internal Builder is used for build
gcc -o Examoles.exe "src\\Examoles.o" 
c:/mingw/bin/../lib/gcc/x86_64-w64-mingw32/11.2.0/../../../../x86_64-w64-mingw32/bin/ld.exe: cannot open output file Examoles.exe: Permission denied
collect2.exe: error: ld returned 1 exit status
03:52:07 **** Incremental Build of configuration Debug for project Examoles ****
Info: Internal Builder is used for build
gcc -o Examoles.exe "src\\Examoles.o" 
c:/mingw/bin/../lib/gcc/x86_64-w64-mingw32/11.2.0/../../../../x86_64-w64-mingw32/bin/ld.exe: cannot open output file Examoles.exe: Permission denied
collect2.exe: error: ld returned 1 exit status
03:52:13 **** Incremental Build of configuration Debug for project Examoles ****
Info: Internal Builder is used for build
gcc -o Examoles.exe "src\\Examoles.o" 
03:52:28 **** Incremental Build of configuration Debug for project Examoles ****
Info: Internal Builder is used for build
gcc -O0 -g3 -Wall -c -fmessage-length=0 -o "src\\Examoles.o" "..\\src\\Examoles.c" 
gcc -o Examoles.exe "src\\Examoles.o" 
c:/mingw/bin/../lib/gcc/x86_64-w64-mingw32/11.2.0/../../../../x86_64-w64-mingw32/bin/ld.exe: cannot open output file Examoles.exe: Permission denied
collect2.exe: error: ld returned 1 exit status
03:52:37 **** Incremental Build of configuration Debug for project Examoles ****
Info: Internal Builder is used for build
gcc -o Examoles.exe "src\\Examoles.o" 
03:52:56 **** Incremental Build of configuration Debug for project Examoles ****
Info: Internal Builder is used for build
gcc -O0 -g3 -Wall -c -fmessage-length=0 -o "src\\Examoles.o" "..\\src\\Examoles.c" 
gcc -o Examoles.exe "src\\Examoles.o" 
c:/mingw/bin/../lib/gcc/x86_64-w64-mingw32/11.2.0/../../../../x86_64-w64-mingw32/bin/ld.exe: cannot open output file Examoles.exe: Permission denied
collect2.exe: error: ld returned 1 exit status
03:52:59 **** Incremental Build of configuration Debug for project Examoles ****
Info: Internal Builder is used for build
gcc -o Examoles.exe "src\\Examoles.o" 
03:55:47 **** Incremental Build of configuration Debug for project Examoles ****
Info: Internal Builder is used for build
gcc -O0 -g3 -Wall -c -fmessage-length=0 -o "src\\Examoles.o" "..\\src\\Examoles.c" 
..\src\Examoles.c: In function 'main':
..\src\Examoles.c:21:18: warning: format '%d' expects argument of type 'int', but argument 2 has type 'double' [-Wformat=]
   21 |         printf("%d",f);
      |                 ~^  ~
      |                  |  |
      |                  |  double
      |                  int
      |                 %f
gcc -o Examoles.exe "src\\Examoles.o" 
Info: Nothing to build for Examoles
03:56:05 **** Incremental Build of configuration Debug for project Examoles ****
Info: Internal Builder is used for build
gcc -O0 -g3 -Wall -c -fmessage-length=0 -o "src\\Examoles.o" "..\\src\\Examoles.c" 
gcc -o Examoles.exe "src\\Examoles.o" 
Info: Nothing to build for Examoles
Info: Nothing to build for Examoles
03:58:19 **** Incremental Build of configuration Debug for project Examoles ****
Info: Internal Builder is used for build
gcc -O0 -g3 -Wall -c -fmessage-length=0 -o "src\\Examoles.o" "..\\src\\Examoles.c" 
..\src\Examoles.c: In function 'main':
..\src\Examoles.c:20:16: error: invalid operands to binary * (have 'float' and 'float *')
   20 |         f=(temp*(float*)(9/5))+32;
      |                ^
03:58:31 **** Incremental Build of configuration Debug for project Examoles ****
Info: Internal Builder is used for build
gcc -O0 -g3 -Wall -c -fmessage-length=0 -o "src\\Examoles.o" "..\\src\\Examoles.c" 
gcc -o Examoles.exe "src\\Examoles.o" 
Info: Nothing to build for Examoles
03:59:08 **** Incremental Build of configuration Debug for project Examoles ****
Info: Internal Builder is used for build
gcc -O0 -g3 -Wall -c -fmessage-length=0 -o "src\\Examoles.o" "..\\src\\Examoles.c" 
gcc -o Examoles.exe "src\\Examoles.o" 
Info: Nothing to build for Examoles
03:59:31 **** Incremental Build of configuration Debug for project Examoles ****
Info: Internal Builder is used for build
gcc -O0 -g3 -Wall -c -fmessage-length=0 -o "src\\Examoles.o" "..\\src\\Examoles.c" 
gcc -o Examoles.exe "src\\Examoles.o" 
Info: Nothing to build for Examoles
Info: Nothing to build for Examoles
Info: Nothing to build for Examoles
04:09:15 **** Incremental Build of configuration Debug for project Examoles ****
Info: Internal Builder is used for build
gcc -O0 -g3 -Wall -c -fmessage-length=0 -o "src\\Examoles.o" "..\\src\\Examoles.c" 
gcc -o Examoles.exe "src\\Examoles.o" 
Info: Nothing to build for Examoles
Info: Nothing to build for Examoles
04:20:32 **** Incremental Build of configuration Debug for project Examoles ****
Info: Internal Builder is used for build
gcc -O0 -g3 -Wall -c -fmessage-length=0 -o "src\\Examoles.o" "..\\src\\Examoles.c" 
..\src\Examoles.c: In function 'main':
..\src\Examoles.c:19:16: warning: implicit declaration of function 'sqrt' [-Wimplicit-function-declaration]
   19 |         result=sqrt(x);
      |                ^~~~
..\src\Examoles.c:13:1: note: include '<math.h>' or provide a declaration of 'sqrt'
   12 | #include <stdlib.h>
  +++ |+#include <math.h>
   13 | 
..\src\Examoles.c:19:16: warning: incompatible implicit declaration of built-in function 'sqrt' [-Wbuiltin-declaration-mismatch]
   19 |         result=sqrt(x);
      |                ^~~~
..\src\Examoles.c:19:16: note: include '<math.h>' or provide a declaration of 'sqrt'
gcc -o Examoles.exe "src\\Examoles.o" 
Info: Nothing to build for Examoles
Info: Nothing to build for Examoles
04:21:36 **** Incremental Build of configuration Debug for project Examoles ****
Info: Internal Builder is used for build
gcc -O0 -g3 -Wall -c -fmessage-length=0 -o "src\\Examoles.o" "..\\src\\Examoles.c" 
..\src\Examoles.c: In function 'main':
..\src\Examoles.c:18:17: warning: format '%d' expects argument of type 'int *', but argument 2 has type 'double *' [-Wformat=]
   18 |         scanf("%d",&x);
      |                ~^  ~~
      |                 |  |
      |                 |  double *
      |                 int *
      |                %le
..\src\Examoles.c:19:16: warning: implicit declaration of function 'sqrt' [-Wimplicit-function-declaration]
   19 |         result=sqrt(x);
      |                ^~~~
..\src\Examoles.c:13:1: note: include '<math.h>' or provide a declaration of 'sqrt'
   12 | #include <stdlib.h>
  +++ |+#include <math.h>
   13 | 
..\src\Examoles.c:19:16: warning: incompatible implicit declaration of built-in function 'sqrt' [-Wbuiltin-declaration-mismatch]
   19 |         result=sqrt(x);
      |                ^~~~
..\src\Examoles.c:19:16: note: include '<math.h>' or provide a declaration of 'sqrt'
gcc -o Examoles.exe "src\\Examoles.o" 
04:22:23 **** Incremental Build of configuration Debug for project Examoles ****
Info: Internal Builder is used for build
gcc -O0 -g3 -Wall -c -fmessage-length=0 -o "src\\Examoles.o" "..\\src\\Examoles.c" 
..\src\Examoles.c: In function 'main':
..\src\Examoles.c:19:16: warning: implicit declaration of function 'sqrt' [-Wimplicit-function-declaration]
   19 |         result=sqrt(x);
      |                ^~~~
..\src\Examoles.c:13:1: note: include '<math.h>' or provide a declaration of 'sqrt'
   12 | #include <stdlib.h>
  +++ |+#include <math.h>
   13 | 
..\src\Examoles.c:19:16: warning: incompatible implicit declaration of built-in function 'sqrt' [-Wbuiltin-declaration-mismatch]
   19 |         result=sqrt(x);
      |                ^~~~
..\src\Examoles.c:19:16: note: include '<math.h>' or provide a declaration of 'sqrt'
gcc -o Examoles.exe "src\\Examoles.o" 
Info: Nothing to build for Examoles
04:23:26 **** Incremental Build of configuration Debug for project Examoles ****
Info: Internal Builder is used for build
gcc -O0 -g3 -Wall -c -fmessage-length=0 -o "src\\Examoles.o" "..\\src\\Examoles.c" 
..\src\Examoles.c: In function 'main':
..\src\Examoles.c:19:16: warning: implicit declaration of function 'sqrt' [-Wimplicit-function-declaration]
   19 |         result=sqrt(x);
      |                ^~~~
..\src\Examoles.c:13:1: note: include '<math.h>' or provide a declaration of 'sqrt'
   12 | #include <stdlib.h>
  +++ |+#include <math.h>
   13 | 
..\src\Examoles.c:19:16: warning: incompatible implicit declaration of built-in function 'sqrt' [-Wbuiltin-declaration-mismatch]
   19 |         result=sqrt(x);
      |                ^~~~
..\src\Examoles.c:19:16: note: include '<math.h>' or provide a declaration of 'sqrt'
gcc -o Examoles.exe "src\\Examoles.o" 
Info: Nothing to build for Examoles
Info: Nothing to build for Examoles
Info: Nothing to build for Examoles
04:59:58 **** Incremental Build of configuration Debug for project Examoles ****
Info: Internal Builder is used for build
gcc -O0 -g3 -Wall -c -fmessage-length=0 -o "src\\Examoles.o" "..\\src\\Examoles.c" 
..\src\Examoles.c: In function 'main':
..\src\Examoles.c:19:23: error: invalid operands to binary & (have 'char *' and 'int')
   19 |         scanf("%d%d%c"&x,&y,&s);
      |               ~~~~~~~~^
      |               |
      |               char *
05:01:18 **** Incremental Build of configuration Debug for project Examoles ****
Info: Internal Builder is used for build
gcc -O0 -g3 -Wall -c -fmessage-length=0 -o "src\\Examoles.o" "..\\src\\Examoles.c" 
..\src\Examoles.c: In function 'main':
..\src\Examoles.c:19:23: error: invalid operands to binary & (have 'char *' and 'int')
   19 |         scanf("%d%d%c"&x,&y,&s);
      |               ~~~~~~~~^
      |               |
      |               char *
05:01:31 **** Incremental Build of configuration Debug for project Examoles ****
Info: Internal Builder is used for build
gcc -O0 -g3 -Wall -c -fmessage-length=0 -o "src\\Examoles.o" "..\\src\\Examoles.c" 
..\src\Examoles.c: In function 'main':
..\src\Examoles.c:19:21: error: invalid operands to binary & (have 'char *' and 'int')
   19 |         scanf("%d%d"&x,&y);
      |               ~~~~~~^
      |               |
      |               char *
..\src\Examoles.c:18:14: warning: unused variable 's' [-Wunused-variable]
   18 |         char s;
      |              ^
05:02:15 **** Incremental Build of configuration Debug for project Examoles ****
Info: Internal Builder is used for build
gcc -O0 -g3 -Wall -c -fmessage-length=0 -o "src\\Examoles.o" "..\\src\\Examoles.c" 
..\src\Examoles.c: In function 'main':
..\src\Examoles.c:18:14: warning: unused variable 's' [-Wunused-variable]
   18 |         char s;
      |              ^
gcc -o Examoles.exe "src\\Examoles.o" 
05:02:43 **** Incremental Build of configuration Debug for project Examoles ****
Info: Internal Builder is used for build
gcc -O0 -g3 -Wall -c -fmessage-length=0 -o "src\\Examoles.o" "..\\src\\Examoles.c" 
..\src\Examoles.c: In function 'main':
..\src\Examoles.c:18:14: warning: unused variable 's' [-Wunused-variable]
   18 |         char s;
      |              ^
gcc -o Examoles.exe "src\\Examoles.o" 
05:03:04 **** Incremental Build of configuration Debug for project Examoles ****
Info: Internal Builder is used for build
gcc -O0 -g3 -Wall -c -fmessage-length=0 -o "src\\Examoles.o" "..\\src\\Examoles.c" 
gcc -o Examoles.exe "src\\Examoles.o" 
Info: Nothing to build for Examoles
05:04:50 **** Incremental Build of configuration Debug for project Examoles ****
Info: Internal Builder is used for build
gcc -O0 -g3 -Wall -c -fmessage-length=0 -o "src\\Examoles.o" "..\\src\\Examoles.c" 
gcc -o Examoles.exe "src\\Examoles.o" 
Info: Nothing to build for Examoles
05:05:21 **** Incremental Build of configuration Debug for project Examoles ****
Info: Internal Builder is used for build
gcc -O0 -g3 -Wall -c -fmessage-length=0 -o "src\\Examoles.o" "..\\src\\Examoles.c" 
gcc -o Examoles.exe "src\\Examoles.o" 
Info: Nothing to build for Examoles
05:35:40 **** Incremental Build of configuration Debug for project Examoles ****
Info: Internal Builder is used for build
gcc -O0 -g3 -Wall -c -fmessage-length=0 -o "src\\Examoles.o" "..\\src\\Examoles.c" 
gcc -o Examoles.exe "src\\Examoles.o" 
Info: Nothing to build for Examoles
05:37:49 **** Incremental Build of configuration Debug for project Examoles ****
Info: Internal Builder is used for build
gcc -O0 -g3 -Wall -c -fmessage-length=0 -o "src\\Examoles.o" "..\\src\\Examoles.c" 
gcc -o Examoles.exe "src\\Examoles.o" 
Info: Nothing to build for Examoles
05:38:59 **** Incremental Build of configuration Debug for project Examoles ****
Info: Internal Builder is used for build
gcc -O0 -g3 -Wall -c -fmessage-length=0 -o "src\\Examoles.o" "..\\src\\Examoles.c" 
gcc -o Examoles.exe "src\\Examoles.o" 
Info: Nothing to build for Examoles
05:39:31 **** Incremental Build of configuration Debug for project Examoles ****
Info: Internal Builder is used for build
gcc -O0 -g3 -Wall -c -fmessage-length=0 -o "src\\Examoles.o" "..\\src\\Examoles.c" 
gcc -o Examoles.exe "src\\Examoles.o" 
Info: Nothing to build for Examoles
05:40:15 **** Incremental Build of configuration Debug for project Examoles ****
Info: Internal Builder is used for build
gcc -O0 -g3 -Wall -c -fmessage-length=0 -o "src\\Examoles.o" "..\\src\\Examoles.c" 
gcc -o Examoles.exe "src\\Examoles.o" 
Info: Nothing to build for Examoles
Info: Nothing to build for Examoles
05:41:27 **** Incremental Build of configuration Debug for project Examoles ****
Info: Internal Builder is used for build
gcc -O0 -g3 -Wall -c -fmessage-length=0 -o "src\\Examoles.o" "..\\src\\Examoles.c" 
gcc -o Examoles.exe "src\\Examoles.o" 
Info: Nothing to build for Examoles
05:43:21 **** Incremental Build of configuration Debug for project Examoles ****
Info: Internal Builder is used for build
gcc -O0 -g3 -Wall -c -fmessage-length=0 -o "src\\Examoles.o" "..\\src\\Examoles.c" 
gcc -o Examoles.exe "src\\Examoles.o" 
Info: Nothing to build for Examoles
06:03:29 **** Incremental Build of configuration Debug for project Examoles ****
Info: Internal Builder is used for build
gcc -O0 -g3 -Wall -c -fmessage-length=0 -o "src\\Examoles.o" "..\\src\\Examoles.c" 
gcc -o Examoles.exe "src\\Examoles.o" 
Info: Nothing to build for Examoles
Info: Nothing to build for Examoles
Info: Nothing to build for Examoles
06:04:01 **** Incremental Build of configuration Debug for project Examoles ****
Info: Internal Builder is used for build
gcc -O0 -g3 -Wall -c -fmessage-length=0 -o "src\\Examoles.o" "..\\src\\Examoles.c" 
gcc -o Examoles.exe "src\\Examoles.o" 
Info: Nothing to build for Examoles
06:05:08 **** Incremental Build of configuration Debug for project Examoles ****
Info: Internal Builder is used for build
gcc -O0 -g3 -Wall -c -fmessage-length=0 -o "src\\Examoles.o" "..\\src\\Examoles.c" 
gcc -o Examoles.exe "src\\Examoles.o" 
Info: Nothing to build for Examoles
Info: Nothing to build for Examoles
07:44:55 **** Rebuild of configuration Debug for project Examoles ****
Info: Internal Builder is used for build
gcc -O0 -g3 -Wall -c -fmessage-length=0 -o "src\\Examoles.o" "..\\src\\Examoles.c" 
..\src\Examoles.c: In function 'main':
..\src\Examoles.c:25:32: warning: statement with no effect [-Wunused-value]
   25 |                 for(l=1;l<n*2;l+2)
      |                               ~^~
gcc -o Examoles.exe "src\\Examoles.o" 
07:45:21 **** Incremental Build of configuration Debug for project Examoles ****
Info: Internal Builder is used for build
gcc -O0 -g3 -Wall -c -fmessage-length=0 -o "src\\Examoles.o" "..\\src\\Examoles.c" 
gcc -o Examoles.exe "src\\Examoles.o" 
Info: Nothing to build for Examoles
07:45:48 **** Incremental Build of configuration Debug for project Examoles ****
Info: Internal Builder is used for build
gcc -O0 -g3 -Wall -c -fmessage-length=0 -o "src\\Examoles.o" "..\\src\\Examoles.c" 
gcc -o Examoles.exe "src\\Examoles.o" 
Info: Nothing to build for Examoles
07:46:37 **** Incremental Build of configuration Debug for project Examoles ****
Info: Internal Builder is used for build
gcc -O0 -g3 -Wall -c -fmessage-length=0 -o "src\\Examoles.o" "..\\src\\Examoles.c" 
gcc -o Examoles.exe "src\\Examoles.o" 
Info: Nothing to build for Examoles
07:47:46 **** Incremental Build of configuration Debug for project Examoles ****
Info: Internal Builder is used for build
gcc -O0 -g3 -Wall -c -fmessage-length=0 -o "src\\Examoles.o" "..\\src\\Examoles.c" 
gcc -o Examoles.exe "src\\Examoles.o" 
Info: Nothing to build for Examoles
03:06:10 **** Rebuild of configuration Debug for project Examoles ****
Info: Internal Builder is used for build
gcc -O0 -g3 -Wall -c -fmessage-length=0 -o "src\\Examoles.o" "..\\src\\Examoles.c" 
gcc -o Examoles.exe "src\\Examoles.o" 
Info: Nothing to build for Examoles
03:21:38 **** Incremental Build of configuration Debug for project Examoles ****
Info: Internal Builder is used for build
gcc -O0 -g3 -Wall -c -fmessage-length=0 -o "src\\Examoles.o" "..\\src\\Examoles.c" 
gcc -o Examoles.exe "src\\Examoles.o" 
Info: Nothing to build for Examoles
03:22:21 **** Incremental Build of configuration Debug for project Examoles ****
Info: Internal Builder is used for build
gcc -O0 -g3 -Wall -c -fmessage-length=0 -o "src\\Examoles.o" "..\\src\\Examoles.c" 
gcc -o Examoles.exe "src\\Examoles.o" 
c:/mingw/bin/../lib/gcc/x86_64-w64-mingw32/11.2.0/../../../../x86_64-w64-mingw32/bin/ld.exe: cannot open output file Examoles.exe: Permission denied
collect2.exe: error: ld returned 1 exit status
03:22:31 **** Incremental Build of configuration Debug for project Examoles ****
Info: Internal Builder is used for build
gcc -o Examoles.exe "src\\Examoles.o" 
c:/mingw/bin/../lib/gcc/x86_64-w64-mingw32/11.2.0/../../../../x86_64-w64-mingw32/bin/ld.exe: cannot open output file Examoles.exe: Permission denied
collect2.exe: error: ld returned 1 exit status
03:22:34 **** Incremental Build of configuration Debug for project Examoles ****
Info: Internal Builder is used for build
gcc -o Examoles.exe "src\\Examoles.o" 
c:/mingw/bin/../lib/gcc/x86_64-w64-mingw32/11.2.0/../../../../x86_64-w64-mingw32/bin/ld.exe: cannot open output file Examoles.exe: Permission denied
collect2.exe: error: ld returned 1 exit status
03:22:41 **** Incremental Build of configuration Debug for project Examoles ****
Info: Internal Builder is used for build
gcc -o Examoles.exe "src\\Examoles.o" 
03:23:00 **** Incremental Build of configuration Debug for project Examoles ****
Info: Internal Builder is used for build
gcc -O0 -g3 -Wall -c -fmessage-length=0 -o "src\\Examoles.o" "..\\src\\Examoles.c" 
gcc -o Examoles.exe "src\\Examoles.o" 
Info: Nothing to build for Examoles
03:23:21 **** Incremental Build of configuration Debug for project Examoles ****
Info: Internal Builder is used for build
gcc -O0 -g3 -Wall -c -fmessage-length=0 -o "src\\Examoles.o" "..\\src\\Examoles.c" 
gcc -o Examoles.exe "src\\Examoles.o" 
Info: Nothing to build for Examoles
06:42:53 **** Incremental Build of configuration Debug for project Examoles ****
Info: Internal Builder is used for build
gcc -O0 -g3 -Wall -c -fmessage-length=0 -o "src\\Examoles.o" "..\\src\\Examoles.c" 
gcc -o Examoles.exe "src\\Examoles.o" 
Info: Nothing to build for Examoles
07:09:59 **** Incremental Build of configuration Debug for project Examoles ****
Info: Internal Builder is used for build
gcc -O0 -g3 -Wall -c -fmessage-length=0 -o "src\\Examoles.o" "..\\src\\Examoles.c" 
gcc -o Examoles.exe "src\\Examoles.o" 
Info: Nothing to build for Examoles
07:13:42 **** Incremental Build of configuration Debug for project Examoles ****
Info: Internal Builder is used for build
gcc -O0 -g3 -Wall -c -fmessage-length=0 -o "src\\Examoles.o" "..\\src\\Examoles.c" 
gcc -o Examoles.exe "src\\Examoles.o" 
Info: Nothing to build for Examoles
Info: Nothing to build for Examoles
07:16:26 **** Incremental Build of configuration Debug for project Examoles ****
Info: Internal Builder is used for build
gcc -O0 -g3 -Wall -c -fmessage-length=0 -o "src\\Examoles.o" "..\\src\\Examoles.c" 
gcc -o Examoles.exe "src\\Examoles.o" 
Info: Nothing to build for Examoles
07:21:17 **** Incremental Build of configuration Debug for project Examoles ****
Info: Internal Builder is used for build
gcc -O0 -g3 -Wall -c -fmessage-length=0 -o "src\\Examoles.o" "..\\src\\Examoles.c" 
..\src\Examoles.c: In function 'main':
..\src\Examoles.c:19:11: warning: implicit declaration of function 'sqrtf' [-Wimplicit-function-declaration]
   19 |         y=sqrtf(x);
      |           ^~~~~
..\src\Examoles.c:13:1: note: include '<math.h>' or provide a declaration of 'sqrtf'
   12 | #include <stdlib.h>
  +++ |+#include <math.h>
   13 | void interval(int,int);
..\src\Examoles.c:19:11: warning: incompatible implicit declaration of built-in function 'sqrtf' [-Wbuiltin-declaration-mismatch]
   19 |         y=sqrtf(x);
      |           ^~~~~
..\src\Examoles.c:19:11: note: include '<math.h>' or provide a declaration of 'sqrtf'
gcc -o Examoles.exe "src\\Examoles.o" 
Info: Nothing to build for Examoles
03:25:17 **** Rebuild of configuration Debug for project Examoles ****
Info: Internal Builder is used for build
gcc -O0 -g3 -Wall -c -fmessage-length=0 -o "src\\Examoles.o" "..\\src\\Examoles.c" 
..\src\Examoles.c:13:6: warning: conflicting types for built-in function 'floor'; expected 'double(double)' [-Wbuiltin-declaration-mismatch]
   13 | void floor(float,float);
      |      ^~~~~
..\src\Examoles.c:13:1: note: 'floor' is declared in header '<math.h>'
   12 | #include <stdlib.h>
  +++ |+#include <math.h>
   13 | void floor(float,float);
gcc -o Examoles.exe "src\\Examoles.o" 
Info: Nothing to build for Examoles
04:04:39 **** Incremental Build of configuration Debug for project Examoles ****
Info: Internal Builder is used for build
gcc -O0 -g3 -Wall -c -fmessage-length=0 -o "src\\Examoles.o" "..\\src\\Examoles.c" 
gcc -o Examoles.exe "src\\Examoles.o" 
Info: Nothing to build for Examoles
04:36:17 **** Incremental Build of configuration Debug for project Examoles ****
Info: Internal Builder is used for build
gcc -O0 -g3 -Wall -c -fmessage-length=0 -o "src\\Examoles.o" "..\\src\\Examoles.c" 
gcc -o Examoles.exe "src\\Examoles.o" 
Info: Nothing to build for Examoles
04:36:38 **** Incremental Build of configuration Debug for project Examoles ****
Info: Internal Builder is used for build
gcc -O0 -g3 -Wall -c -fmessage-length=0 -o "src\\Examoles.o" "..\\src\\Examoles.c" 
gcc -o Examoles.exe "src\\Examoles.o" 
04:37:02 **** Incremental Build of configuration Debug for project Examoles ****
Info: Internal Builder is used for build
gcc -O0 -g3 -Wall -c -fmessage-length=0 -o "src\\Examoles.o" "..\\src\\Examoles.c" 
gcc -o Examoles.exe "src\\Examoles.o" 
Info: Nothing to build for Examoles
04:37:28 **** Incremental Build of configuration Debug for project Examoles ****
Info: Internal Builder is used for build
gcc -O0 -g3 -Wall -c -fmessage-length=0 -o "src\\Examoles.o" "..\\src\\Examoles.c" 
gcc -o Examoles.exe "src\\Examoles.o" 
Info: Nothing to build for Examoles
04:46:12 **** Incremental Build of configuration Debug for project Examoles ****
Info: Internal Builder is used for build
gcc -O0 -g3 -Wall -c -fmessage-length=0 -o "src\\Examoles.o" "..\\src\\Examoles.c" 
gcc -o Examoles.exe "src\\Examoles.o" 
Info: Nothing to build for Examoles
Info: Nothing to build for Examoles
04:47:19 **** Incremental Build of configuration Debug for project Examoles ****
Info: Internal Builder is used for build
gcc -O0 -g3 -Wall -c -fmessage-length=0 -o "src\\Examoles.o" "..\\src\\Examoles.c" 
..\src\Examoles.c: In function 'count':
..\src\Examoles.c:15:20: warning: overflow in conversion from 'int' to 'short int' changes value from '134217728' to '0' [-Woverflow]
   15 |         short mask=0x8000000,i=0,counter=0;
      |                    ^~~~~~~~~
gcc -o Examoles.exe "src\\Examoles.o" 
04:47:34 **** Incremental Build of configuration Debug for project Examoles ****
Info: Internal Builder is used for build
gcc -O0 -g3 -Wall -c -fmessage-length=0 -o "src\\Examoles.o" "..\\src\\Examoles.c" 
gcc -o Examoles.exe "src\\Examoles.o" 
Info: Nothing to build for Examoles
06:05:09 **** Incremental Build of configuration Debug for project Examoles ****
Info: Internal Builder is used for build
gcc -O0 -g3 -Wall -c -fmessage-length=0 -o "src\\Examoles.o" "..\\src\\Examoles.c" 
..\src\Examoles.c: In function 'main':
..\src\Examoles.c:45:15: warning: variable 'x' set but not used [-Wunused-but-set-variable]
   45 |         short x=0;
      |               ^
gcc -o Examoles.exe "src\\Examoles.o" 
06:05:20 **** Incremental Build of configuration Debug for project Examoles ****
Info: Internal Builder is used for build
gcc -O0 -g3 -Wall -c -fmessage-length=0 -o "src\\Examoles.o" "..\\src\\Examoles.c" 
gcc -o Examoles.exe "src\\Examoles.o" 
Info: Nothing to build for Examoles
06:56:16 **** Incremental Build of configuration Debug for project Examoles ****
Info: Internal Builder is used for build
gcc -O0 -g3 -Wall -c -fmessage-length=0 -o "src\\Examoles.o" "..\\src\\Examoles.c" 
..\src\Examoles.c: In function 'main':
..\src\Examoles.c:17:24: error: invalid initializer
   17 |         int balance[4]=50;
      |                        ^~
..\src\Examoles.c:22:26: warning: format '%d' expects argument of type 'int', but argument 2 has type 'int *' [-Wformat=]
   22 |                 printf("%d",&r);
      |                         ~^  ~~
      |                          |  |
      |                          |  int *
      |                          int
      |                         %n
06:56:30 **** Incremental Build of configuration Debug for project Examoles ****
Info: Internal Builder is used for build
gcc -O0 -g3 -Wall -c -fmessage-length=0 -o "src\\Examoles.o" "..\\src\\Examoles.c" 
..\src\Examoles.c: In function 'main':
..\src\Examoles.c:17:24: error: invalid initializer
   17 |         int balance[4]=50.0;
      |                        ^~~~
..\src\Examoles.c:22:26: warning: format '%d' expects argument of type 'int', but argument 2 has type 'int *' [-Wformat=]
   22 |                 printf("%d",&r);
      |                         ~^  ~~
      |                          |  |
      |                          |  int *
      |                          int
      |                         %n
07:34:16 **** Incremental Build of configuration Debug for project Examoles ****
Info: Internal Builder is used for build
gcc -O0 -g3 -Wall -c -fmessage-length=0 -o "src\\Examoles.o" "..\\src\\Examoles.c" 
..\src\Examoles.c: In function 'main':
..\src\Examoles.c:17:13: error: array type has incomplete element type 'int[]'
   17 |         int array[][]={{1,2},{3},{0},{5,6,8}};
      |             ^~~~~
..\src\Examoles.c:17:13: note: declaration of 'array' as multidimensional array must have bounds for all dimensions except the first
..\src\Examoles.c:17:13: warning: unused variable 'array' [-Wunused-variable]
08:12:39 **** Incremental Build of configuration Debug for project Examoles ****
Info: Internal Builder is used for build
gcc -O0 -g3 -Wall -c -fmessage-length=0 -o "src\\Examoles.o" "..\\src\\Examoles.c" 
gcc -o Examoles.exe "src\\Examoles.o" 
Info: Nothing to build for Examoles
03:43:32 **** Rebuild of configuration Debug for project Examoles ****
Info: Internal Builder is used for build
gcc -O0 -g3 -Wall -c -fmessage-length=0 -o "src\\Examoles.o" "..\\src\\Examoles.c" 
..\src\Examoles.c: In function 'sorting':
..\src\Examoles.c:21:31: error: subscripted value is neither array nor pointer nor vector
   21 |                         if(arr[i]>arr[i+1])
      |                               ^
..\src\Examoles.c:21:38: error: subscripted value is neither array nor pointer nor vector
   21 |                         if(arr[i]>arr[i+1])
      |                                      ^
..\src\Examoles.c:23:41: error: subscripted value is neither array nor pointer nor vector
   23 |                                 temp=arr[i];
      |                                         ^
..\src\Examoles.c:24:36: error: subscripted value is neither array nor pointer nor vector
   24 |                                 arr[i]=arr[i+1];
      |                                    ^
..\src\Examoles.c:24:43: error: subscripted value is neither array nor pointer nor vector
   24 |                                 arr[i]=arr[i+1];
      |                                           ^
..\src\Examoles.c:25:36: error: subscripted value is neither array nor pointer nor vector
   25 |                                 arr[i+1]=temp;
      |                                    ^
..\src\Examoles.c: In function 'main':
..\src\Examoles.c:35:17: warning: passing argument 1 of 'sorting' makes integer from pointer without a cast [-Wint-conversion]
   35 |         sorting(arr, size);
      |                 ^~~
      |                 |
      |                 int *
..\src\Examoles.c:14:18: note: expected 'int' but argument is of type 'int *'
   14 | void sorting(int arr, int size)
      |              ~~~~^~~
03:44:01 **** Incremental Build of configuration Debug for project Examoles ****
Info: Internal Builder is used for build
gcc -O0 -g3 -Wall -c -fmessage-length=0 -o "src\\Examoles.o" "..\\src\\Examoles.c" 
gcc -o Examoles.exe "src\\Examoles.o" 
Info: Nothing to build for Examoles
03:47:57 **** Incremental Build of configuration Debug for project Examoles ****
Info: Internal Builder is used for build
gcc -O0 -g3 -Wall -c -fmessage-length=0 -o "src\\Examoles.o" "..\\src\\Examoles.c" 
..\src\Examoles.c: In function 'bubbleSort':
..\src\Examoles.c:27:33: error: subscripted value is neither array nor pointer nor vector
   27 |                         if ( arr[ j ] > arr[ j + 1 ] )
      |                                 ^
..\src\Examoles.c:27:44: error: subscripted value is neither array nor pointer nor vector
   27 |                         if ( arr[ j ] > arr[ j + 1 ] )
      |                                            ^
..\src\Examoles.c:29:43: error: subscripted value is neither array nor pointer nor vector
   29 |                                 temp = arr[ j ];
      |                                           ^
..\src\Examoles.c:30:36: error: subscripted value is neither array nor pointer nor vector
   30 |                                 arr[ j ] = arr[ j + 1];
      |                                    ^
..\src\Examoles.c:30:47: error: subscripted value is neither array nor pointer nor vector
   30 |                                 arr[ j ] = arr[ j + 1];
      |                                               ^
..\src\Examoles.c:31:36: error: subscripted value is neither array nor pointer nor vector
   31 |                                 arr[ j + 1] = temp;
      |                                    ^
..\src\Examoles.c: In function 'main':
..\src\Examoles.c:42:9: warning: implicit declaration of function 'sorting' [-Wimplicit-function-declaration]
   42 |         sorting(arr, size);
      |         ^~~~~~~
03:48:24 **** Incremental Build of configuration Debug for project Examoles ****
Info: Internal Builder is used for build
gcc -O0 -g3 -Wall -c -fmessage-length=0 -o "src\\Examoles.o" "..\\src\\Examoles.c" 
..\src\Examoles.c: In function 'main':
..\src\Examoles.c:42:9: warning: implicit declaration of function 'sorting' [-Wimplicit-function-declaration]
   42 |         sorting(arr, size);
      |         ^~~~~~~
gcc -o Examoles.exe "src\\Examoles.o" 
c:/mingw/bin/../lib/gcc/x86_64-w64-mingw32/11.2.0/../../../../x86_64-w64-mingw32/bin/ld.exe: src\Examoles.o: in function `main':
C:\Users\hussi\eclipse-workspace\mini_project3\Mozakra\Examoles\Debug/../src/Examoles.c:42: undefined reference to `sorting'
collect2.exe: error: ld returned 1 exit status
03:49:01 **** Incremental Build of configuration Debug for project Examoles ****
Info: Internal Builder is used for build
gcc -O0 -g3 -Wall -c -fmessage-length=0 -o "src\\Examoles.o" "..\\src\\Examoles.c" 
gcc -o Examoles.exe "src\\Examoles.o" 
Info: Nothing to build for Examoles
03:49:29 **** Incremental Build of configuration Debug for project Examoles ****
Info: Internal Builder is used for build
gcc -O0 -g3 -Wall -c -fmessage-length=0 -o "src\\Examoles.o" "..\\src\\Examoles.c" 
gcc -o Examoles.exe "src\\Examoles.o" 
Info: Nothing to build for Examoles
03:50:26 **** Incremental Build of configuration Debug for project Examoles ****
Info: Internal Builder is used for build
gcc -O0 -g3 -Wall -c -fmessage-length=0 -o "src\\Examoles.o" "..\\src\\Examoles.c" 
gcc -o Examoles.exe "src\\Examoles.o" 
Info: Nothing to build for Examoles
03:50:58 **** Incremental Build of configuration Debug for project Examoles ****
Info: Internal Builder is used for build
gcc -O0 -g3 -Wall -c -fmessage-length=0 -o "src\\Examoles.o" "..\\src\\Examoles.c" 
gcc -o Examoles.exe "src\\Examoles.o" 
Info: Nothing to build for Examoles
03:51:20 **** Incremental Build of configuration Debug for project Examoles ****
Info: Internal Builder is used for build
gcc -O0 -g3 -Wall -c -fmessage-length=0 -o "src\\Examoles.o" "..\\src\\Examoles.c" 
gcc -o Examoles.exe "src\\Examoles.o" 
Info: Nothing to build for Examoles
04:02:31 **** Incremental Build of configuration Debug for project Examoles ****
Info: Internal Builder is used for build
gcc -O0 -g3 -Wall -c -fmessage-length=0 -o "src\\Examoles.o" "..\\src\\Examoles.c" 
gcc -o Examoles.exe "src\\Examoles.o" 
Info: Nothing to build for Examoles
04:14:16 **** Incremental Build of configuration Debug for project Examoles ****
Info: Internal Builder is used for build
gcc -O0 -g3 -Wall -c -fmessage-length=0 -o "src\\Examoles.o" "..\\src\\Examoles.c" 
gcc -o Examoles.exe "src\\Examoles.o" 
Info: Nothing to build for Examoles
04:15:54 **** Incremental Build of configuration Debug for project Examoles ****
Info: Internal Builder is used for build
gcc -O0 -g3 -Wall -c -fmessage-length=0 -o "src\\Examoles.o" "..\\src\\Examoles.c" 
gcc -o Examoles.exe "src\\Examoles.o" 
Info: Nothing to build for Examoles
04:16:19 **** Incremental Build of configuration Debug for project Examoles ****
Info: Internal Builder is used for build
gcc -O0 -g3 -Wall -c -fmessage-length=0 -o "src\\Examoles.o" "..\\src\\Examoles.c" 
gcc -o Examoles.exe "src\\Examoles.o" 
Info: Nothing to build for Examoles
04:32:14 **** Incremental Build of configuration Debug for project Examoles ****
Info: Internal Builder is used for build
gcc -O0 -g3 -Wall -c -fmessage-length=0 -o "src\\Examoles.o" "..\\src\\Examoles.c" 
gcc -o Examoles.exe "src\\Examoles.o" 
Info: Nothing to build for Examoles
04:32:34 **** Incremental Build of configuration Debug for project Examoles ****
Info: Internal Builder is used for build
gcc -O0 -g3 -Wall -c -fmessage-length=0 -o "src\\Examoles.o" "..\\src\\Examoles.c" 
gcc -o Examoles.exe "src\\Examoles.o" 
Info: Nothing to build for Examoles
04:33:49 **** Incremental Build of configuration Debug for project Examoles ****
Info: Internal Builder is used for build
gcc -O0 -g3 -Wall -c -fmessage-length=0 -o "src\\Examoles.o" "..\\src\\Examoles.c" 
gcc -o Examoles.exe "src\\Examoles.o" 
Info: Nothing to build for Examoles
04:35:16 **** Incremental Build of configuration Debug for project Examoles ****
Info: Internal Builder is used for build
gcc -O0 -g3 -Wall -c -fmessage-length=0 -o "src\\Examoles.o" "..\\src\\Examoles.c" 
gcc -o Examoles.exe "src\\Examoles.o" 
Info: Nothing to build for Examoles
04:35:56 **** Incremental Build of configuration Debug for project Examoles ****
Info: Internal Builder is used for build
gcc -O0 -g3 -Wall -c -fmessage-length=0 -o "src\\Examoles.o" "..\\src\\Examoles.c" 
gcc -o Examoles.exe "src\\Examoles.o" 
Info: Nothing to build for Examoles
04:36:23 **** Incremental Build of configuration Debug for project Examoles ****
Info: Internal Builder is used for build
gcc -O0 -g3 -Wall -c -fmessage-length=0 -o "src\\Examoles.o" "..\\src\\Examoles.c" 
gcc -o Examoles.exe "src\\Examoles.o" 
Info: Nothing to build for Examoles
04:52:28 **** Incremental Build of configuration Debug for project Examoles ****
Info: Internal Builder is used for build
gcc -O0 -g3 -Wall -c -fmessage-length=0 -o "src\\Examoles.o" "..\\src\\Examoles.c" 
..\src\Examoles.c: In function 'main':
..\src\Examoles.c:27:17: error: 'arr' undeclared (first use in this function)
   27 |         convert(arr);
      |                 ^~~
..\src\Examoles.c:27:17: note: each undeclared identifier is reported only once for each function it appears in
04:52:47 **** Incremental Build of configuration Debug for project Examoles ****
Info: Internal Builder is used for build
gcc -O0 -g3 -Wall -c -fmessage-length=0 -o "src\\Examoles.o" "..\\src\\Examoles.c" 
gcc -o Examoles.exe "src\\Examoles.o" 
Info: Nothing to build for Examoles
05:06:36 **** Incremental Build of configuration Debug for project Examoles ****
Info: Internal Builder is used for build
gcc -O0 -g3 -Wall -c -fmessage-length=0 -o "src\\Examoles.o" "..\\src\\Examoles.c" 
gcc -o Examoles.exe "src\\Examoles.o" 
Info: Nothing to build for Examoles
05:06:56 **** Incremental Build of configuration Debug for project Examoles ****
Info: Internal Builder is used for build
gcc -O0 -g3 -Wall -c -fmessage-length=0 -o "src\\Examoles.o" "..\\src\\Examoles.c" 
gcc -o Examoles.exe "src\\Examoles.o" 
Info: Nothing to build for Examoles
05:08:51 **** Incremental Build of configuration Debug for project Examoles ****
Info: Internal Builder is used for build
gcc -O0 -g3 -Wall -c -fmessage-length=0 -o "src\\Examoles.o" "..\\src\\Examoles.c" 
..\src\Examoles.c: In function 'main':
..\src\Examoles.c:28:23: warning: multi-character character constant [-Wmultichar]
   28 |         while(str[i]!='\n0')
      |                       ^~~~~
gcc -o Examoles.exe "src\\Examoles.o" 
05:09:01 **** Incremental Build of configuration Debug for project Examoles ****
Info: Internal Builder is used for build
gcc -O0 -g3 -Wall -c -fmessage-length=0 -o "src\\Examoles.o" "..\\src\\Examoles.c" 
gcc -o Examoles.exe "src\\Examoles.o" 
Info: Nothing to build for Examoles
05:10:18 **** Incremental Build of configuration Debug for project Examoles ****
Info: Internal Builder is used for build
gcc -O0 -g3 -Wall -c -fmessage-length=0 -o "src\\Examoles.o" "..\\src\\Examoles.c" 
gcc -o Examoles.exe "src\\Examoles.o" 
Info: Nothing to build for Examoles
08:02:30 **** Rebuild of configuration Debug for project Examoles ****
Info: Internal Builder is used for build
gcc -O0 -g3 -Wall -c -fmessage-length=0 -o "src\\Examoles.o" "..\\src\\Examoles.c" 
gcc -o Examoles.exe "src\\Examoles.o" 
Info: Nothing to build for Examoles
08:03:11 **** Incremental Build of configuration Debug for project Examoles ****
Info: Internal Builder is used for build
gcc -O0 -g3 -Wall -c -fmessage-length=0 -o "src\\Examoles.o" "..\\src\\Examoles.c" 
gcc -o Examoles.exe "src\\Examoles.o" 
Info: Nothing to build for Examoles
08:06:15 **** Incremental Build of configuration Debug for project Examoles ****
Info: Internal Builder is used for build
gcc -O0 -g3 -Wall -c -fmessage-length=0 -o "src\\Examoles.o" "..\\src\\Examoles.c" 
..\src\Examoles.c: In function 'main':
..\src\Examoles.c:39:11: warning: implicit declaration of function 'strlen' [-Wimplicit-function-declaration]
   39 |         i=strlen(arr);
      |           ^~~~~~
..\src\Examoles.c:13:1: note: include '<string.h>' or provide a declaration of 'strlen'
   12 | #include <stdlib.h>
  +++ |+#include <string.h>
   13 | void reverse(char *arr)
..\src\Examoles.c:39:11: warning: incompatible implicit declaration of built-in function 'strlen' [-Wbuiltin-declaration-mismatch]
   39 |         i=strlen(arr);
      |           ^~~~~~
..\src\Examoles.c:39:11: note: include '<string.h>' or provide a declaration of 'strlen'
gcc -o Examoles.exe "src\\Examoles.o" 
Info: Nothing to build for Examoles
09:03:54 **** Incremental Build of configuration Debug for project Examoles ****
Info: Internal Builder is used for build
gcc -O0 -g3 -Wall -c -fmessage-length=0 -o "src\\Examoles.o" "..\\src\\Examoles.c" 
..\src\Examoles.c: In function 'removeDuplicates':
..\src\Examoles.c:25:1: warning: control reaches end of non-void function [-Wreturn-type]
   25 | }
      | ^
gcc -o Examoles.exe "src\\Examoles.o" 
09:06:40 **** Incremental Build of configuration Debug for project Examoles ****
Info: Internal Builder is used for build
gcc -O0 -g3 -Wall -c -fmessage-length=0 -o "src\\Examoles.o" "..\\src\\Examoles.c" 
..\src\Examoles.c: In function 'removeDuplicates':
..\src\Examoles.c:25:16: warning: returning 'int *' from a function with return type 'int' makes integer from pointer without a cast [-Wint-conversion]
   25 |         return arr_new;
      |                ^~~~~~~
gcc -o Examoles.exe "src\\Examoles.o" 
09:06:58 **** Incremental Build of configuration Debug for project Examoles ****
Info: Internal Builder is used for build
gcc -O0 -g3 -Wall -c -fmessage-length=0 -o "src\\Examoles.o" "..\\src\\Examoles.c" 
gcc -o Examoles.exe "src\\Examoles.o" 
Info: Nothing to build for Examoles
09:07:16 **** Incremental Build of configuration Debug for project Examoles ****
Info: Internal Builder is used for build
gcc -O0 -g3 -Wall -c -fmessage-length=0 -o "src\\Examoles.o" "..\\src\\Examoles.c" 
gcc -o Examoles.exe "src\\Examoles.o" 
Info: Nothing to build for Examoles
09:11:50 **** Incremental Build of configuration Debug for project Examoles ****
Info: Internal Builder is used for build
gcc -O0 -g3 -Wall -c -fmessage-length=0 -o "src\\Examoles.o" "..\\src\\Examoles.c" 
..\src\Examoles.c: In function 'main':
..\src\Examoles.c:33:26: error: invalid type argument of unary '*' (have 'int')
   33 |         for (i = 0; i < (*n_new); i++) {
      |                          ^~~~~~
09:12:11 **** Incremental Build of configuration Debug for project Examoles ****
Info: Internal Builder is used for build
gcc -O0 -g3 -Wall -c -fmessage-length=0 -o "src\\Examoles.o" "..\\src\\Examoles.c" 
gcc -o Examoles.exe "src\\Examoles.o" 
Info: Nothing to build for Examoles
09:24:03 **** Incremental Build of configuration Debug for project Examoles ****
Info: Internal Builder is used for build
gcc -O0 -g3 -Wall -c -fmessage-length=0 -o "src\\Examoles.o" "..\\src\\Examoles.c" 
..\src\Examoles.c:13:12: error: invalid initializer
   13 | int fr[10]=0;
      |            ^
..\src\Examoles.c: In function 'frequency':
..\src\Examoles.c:17:14: warning: implicit declaration of function 'strlen' [-Wimplicit-function-declaration]
   17 |         size=strlen(arr);
      |              ^~~~~~
..\src\Examoles.c:13:1: note: include '<string.h>' or provide a declaration of 'strlen'
   12 | #include <stdlib.h>
  +++ |+#include <string.h>
   13 | int fr[10]=0;
..\src\Examoles.c:17:14: warning: incompatible implicit declaration of built-in function 'strlen' [-Wbuiltin-declaration-mismatch]
   17 |         size=strlen(arr);
      |              ^~~~~~
..\src\Examoles.c:17:14: note: include '<string.h>' or provide a declaration of 'strlen'
09:24:16 **** Incremental Build of configuration Debug for project Examoles ****
Info: Internal Builder is used for build
gcc -O0 -g3 -Wall -c -fmessage-length=0 -o "src\\Examoles.o" "..\\src\\Examoles.c" 
..\src\Examoles.c: In function 'frequency':
..\src\Examoles.c:17:14: warning: implicit declaration of function 'strlen' [-Wimplicit-function-declaration]
   17 |         size=strlen(arr);
      |              ^~~~~~
..\src\Examoles.c:13:1: note: include '<string.h>' or provide a declaration of 'strlen'
   12 | #include <stdlib.h>
  +++ |+#include <string.h>
   13 | int fr[10]={0};
..\src\Examoles.c:17:14: warning: incompatible implicit declaration of built-in function 'strlen' [-Wbuiltin-declaration-mismatch]
   17 |         size=strlen(arr);
      |              ^~~~~~
..\src\Examoles.c:17:14: note: include '<string.h>' or provide a declaration of 'strlen'
gcc -o Examoles.exe "src\\Examoles.o" 
Info: Nothing to build for Examoles
09:24:44 **** Incremental Build of configuration Debug for project Examoles ****
Info: Internal Builder is used for build
gcc -O0 -g3 -Wall -c -fmessage-length=0 -o "src\\Examoles.o" "..\\src\\Examoles.c" 
..\src\Examoles.c: In function 'frequency':
..\src\Examoles.c:17:14: warning: implicit declaration of function 'strlen' [-Wimplicit-function-declaration]
   17 |         size=strlen(arr);
      |              ^~~~~~
..\src\Examoles.c:13:1: note: include '<string.h>' or provide a declaration of 'strlen'
   12 | #include <stdlib.h>
  +++ |+#include <string.h>
   13 | int fr[10]={0};
..\src\Examoles.c:17:14: warning: incompatible implicit declaration of built-in function 'strlen' [-Wbuiltin-declaration-mismatch]
   17 |         size=strlen(arr);
      |              ^~~~~~
..\src\Examoles.c:17:14: note: include '<string.h>' or provide a declaration of 'strlen'
gcc -o Examoles.exe "src\\Examoles.o" 
Info: Nothing to build for Examoles
12:01:15 **** Rebuild of configuration Debug for project Examoles ****
Info: Internal Builder is used for build
gcc -O0 -g3 -Wall -c -fmessage-length=0 -o "src\\Examoles.o" "..\\src\\Examoles.c" 
gcc -o Examoles.exe "src\\Examoles.o" 
Info: Nothing to build for Examoles
12:01:48 **** Incremental Build of configuration Debug for project Examoles ****
Info: Internal Builder is used for build
gcc -O0 -g3 -Wall -c -fmessage-length=0 -o "src\\Examoles.o" "..\\src\\Examoles.c" 
gcc -o Examoles.exe "src\\Examoles.o" 
Info: Nothing to build for Examoles
12:03:23 **** Incremental Build of configuration Debug for project Examoles ****
Info: Internal Builder is used for build
gcc -O0 -g3 -Wall -c -fmessage-length=0 -o "src\\Examoles.o" "..\\src\\Examoles.c" 
gcc -o Examoles.exe "src\\Examoles.o" 
Info: Nothing to build for Examoles
12:03:39 **** Incremental Build of configuration Debug for project Examoles ****
Info: Internal Builder is used for build
gcc -O0 -g3 -Wall -c -fmessage-length=0 -o "src\\Examoles.o" "..\\src\\Examoles.c" 
gcc -o Examoles.exe "src\\Examoles.o" 
Info: Nothing to build for Examoles
12:24:54 **** Incremental Build of configuration Debug for project Examoles ****
Info: Internal Builder is used for build
gcc -O0 -g3 -Wall -c -fmessage-length=0 -o "src\\Examoles.o" "..\\src\\Examoles.c" 
gcc -o Examoles.exe "src\\Examoles.o" 
12:25:19 **** Incremental Build of configuration Debug for project Examoles ****
Info: Internal Builder is used for build
gcc -O0 -g3 -Wall -c -fmessage-length=0 -o "src\\Examoles.o" "..\\src\\Examoles.c" 
gcc -o Examoles.exe "src\\Examoles.o" 
Info: Nothing to build for Examoles
12:25:41 **** Incremental Build of configuration Debug for project Examoles ****
Info: Internal Builder is used for build
gcc -O0 -g3 -Wall -c -fmessage-length=0 -o "src\\Examoles.o" "..\\src\\Examoles.c" 
gcc -o Examoles.exe "src\\Examoles.o" 
c:/mingw/bin/../lib/gcc/x86_64-w64-mingw32/11.2.0/../../../../x86_64-w64-mingw32/bin/ld.exe: cannot open output file Examoles.exe: Permission denied
collect2.exe: error: ld returned 1 exit status
12:25:47 **** Incremental Build of configuration Debug for project Examoles ****
Info: Internal Builder is used for build
gcc -o Examoles.exe "src\\Examoles.o" 
Info: Nothing to build for Examoles
12:36:19 **** Incremental Build of configuration Debug for project Examoles ****
Info: Internal Builder is used for build
gcc -O0 -g3 -Wall -c -fmessage-length=0 -o "src\\Examoles.o" "..\\src\\Examoles.c" 
gcc -o Examoles.exe "src\\Examoles.o" 
Info: Nothing to build for Examoles
12:37:45 **** Incremental Build of configuration Debug for project Examoles ****
Info: Internal Builder is used for build
gcc -O0 -g3 -Wall -c -fmessage-length=0 -o "src\\Examoles.o" "..\\src\\Examoles.c" 
gcc -o Examoles.exe "src\\Examoles.o" 
Info: Nothing to build for Examoles
Info: Nothing to build for Examoles
Info: Nothing to build for Examoles
12:39:03 **** Incremental Build of configuration Debug for project Examoles ****
Info: Internal Builder is used for build
gcc -O0 -g3 -Wall -c -fmessage-length=0 -o "src\\Examoles.o" "..\\src\\Examoles.c" 
..\src\Examoles.c: In function 'main':
..\src\Examoles.c:27:28: warning: unused variable 'i' [-Wunused-variable]
   27 |         int arr[3]={1,2.3},i=0;
      |                            ^
gcc -o Examoles.exe "src\\Examoles.o" 
12:39:22 **** Incremental Build of configuration Debug for project Examoles ****
Info: Internal Builder is used for build
gcc -O0 -g3 -Wall -c -fmessage-length=0 -o "src\\Examoles.o" "..\\src\\Examoles.c" 
gcc -o Examoles.exe "src\\Examoles.o" 
Info: Nothing to build for Examoles
12:39:35 **** Incremental Build of configuration Debug for project Examoles ****
Info: Internal Builder is used for build
gcc -O0 -g3 -Wall -c -fmessage-length=0 -o "src\\Examoles.o" "..\\src\\Examoles.c" 
gcc -o Examoles.exe "src\\Examoles.o" 
Info: Nothing to build for Examoles
12:44:30 **** Incremental Build of configuration Debug for project Examoles ****
Info: Internal Builder is used for build
gcc -O0 -g3 -Wall -c -fmessage-length=0 -o "src\\Examoles.o" "..\\src\\Examoles.c" 
gcc -o Examoles.exe "src\\Examoles.o" 
Info: Nothing to build for Examoles
12:45:24 **** Incremental Build of configuration Debug for project Examoles ****
Info: Internal Builder is used for build
gcc -O0 -g3 -Wall -c -fmessage-length=0 -o "src\\Examoles.o" "..\\src\\Examoles.c" 
gcc -o Examoles.exe "src\\Examoles.o" 
Info: Nothing to build for Examoles
12:54:53 **** Rebuild of configuration Debug for project Examoles ****
Info: Internal Builder is used for build
gcc -O0 -g3 -Wall -c -fmessage-length=0 -o "src\\Examoles.o" "..\\src\\Examoles.c" 
gcc -o Examoles.exe "src\\Examoles.o" 
Info: Nothing to build for Examoles
12:55:10 **** Incremental Build of configuration Debug for project Examoles ****
Info: Internal Builder is used for build
gcc -O0 -g3 -Wall -c -fmessage-length=0 -o "src\\Examoles.o" "..\\src\\Examoles.c" 
gcc -o Examoles.exe "src\\Examoles.o" 
Info: Nothing to build for Examoles
12:57:08 **** Incremental Build of configuration Debug for project Examoles ****
Info: Internal Builder is used for build
gcc -O0 -g3 -Wall -c -fmessage-length=0 -o "src\\Examoles.o" "..\\src\\Examoles.c" 
gcc -o Examoles.exe "src\\Examoles.o" 
Info: Nothing to build for Examoles
12:57:25 **** Incremental Build of configuration Debug for project Examoles ****
Info: Internal Builder is used for build
gcc -O0 -g3 -Wall -c -fmessage-length=0 -o "src\\Examoles.o" "..\\src\\Examoles.c" 
gcc -o Examoles.exe "src\\Examoles.o" 
Info: Nothing to build for Examoles
Info: Nothing to build for Examoles
Info: Nothing to build for Examoles
Info: Nothing to build for Examoles
Info: Nothing to build for Examoles
12:57:48 **** Incremental Build of configuration Debug for project Examoles ****
Info: Internal Builder is used for build
gcc -O0 -g3 -Wall -c -fmessage-length=0 -o "src\\Examoles.o" "..\\src\\Examoles.c" 
gcc -o Examoles.exe "src\\Examoles.o" 
Info: Nothing to build for Examoles
15:48:50 **** Rebuild of configuration Debug for project Examoles ****
Info: Internal Builder is used for build
gcc -O0 -g3 -Wall -c -fmessage-length=0 -o "src\\Examoles.o" "..\\src\\Examoles.c" 
..\src\Examoles.c: In function 'main':
..\src\Examoles.c:21:17: error: 'ptr' undeclared (first use in this function); did you mean 'prt'?
   21 |                 ptr[i]=&arr[i];
      |                 ^~~
      |                 prt
..\src\Examoles.c:21:17: note: each undeclared identifier is reported only once for each function it appears in
..\src\Examoles.c:18:13: warning: unused variable 'max' [-Wunused-variable]
   18 |         int max=0;
      |             ^~~
..\src\Examoles.c:17:14: warning: unused variable 'prt' [-Wunused-variable]
   17 |         int *prt[5];
      |              ^~~
15:49:09 **** Incremental Build of configuration Debug for project Examoles ****
Info: Internal Builder is used for build
gcc -O0 -g3 -Wall -c -fmessage-length=0 -o "src\\Examoles.o" "..\\src\\Examoles.c" 
..\src\Examoles.c: In function 'main':
..\src\Examoles.c:18:13: warning: unused variable 'max' [-Wunused-variable]
   18 |         int max=0;
      |             ^~~
..\src\Examoles.c:17:14: warning: variable 'ptr' set but not used [-Wunused-but-set-variable]
   17 |         int *ptr[5];
      |              ^~~
gcc -o Examoles.exe "src\\Examoles.o" 
16:00:35 **** Incremental Build of configuration Debug for project Examoles ****
Info: Internal Builder is used for build
gcc -O0 -g3 -Wall -c -fmessage-length=0 -o "src\\Examoles.o" "..\\src\\Examoles.c" 
gcc -o Examoles.exe "src\\Examoles.o" 
Info: Nothing to build for Examoles
16:18:48 **** Incremental Build of configuration Debug for project Examoles ****
Info: Internal Builder is used for build
gcc -O0 -g3 -Wall -c -fmessage-length=0 -o "src\\Examoles.o" "..\\src\\Examoles.c" 
gcc -o Examoles.exe "src\\Examoles.o" 
Info: Nothing to build for Examoles
16:18:59 **** Incremental Build of configuration Debug for project Examoles ****
Info: Internal Builder is used for build
gcc -O0 -g3 -Wall -c -fmessage-length=0 -o "src\\Examoles.o" "..\\src\\Examoles.c" 
gcc -o Examoles.exe "src\\Examoles.o" 
Info: Nothing to build for Examoles
16:30:21 **** Incremental Build of configuration Debug for project Examoles ****
Info: Internal Builder is used for build
gcc -O0 -g3 -Wall -c -fmessage-length=0 -o "src\\Examoles.o" "..\\src\\Examoles.c" 
..\src\Examoles.c: In function 'string':
..\src\Examoles.c:16:14: warning: implicit declaration of function 'strlen' [-Wimplicit-function-declaration]
   16 |         size=strlen(str);
      |              ^~~~~~
..\src\Examoles.c:13:1: note: include '<string.h>' or provide a declaration of 'strlen'
   12 | #include <stdlib.h>
  +++ |+#include <string.h>
   13 | void string(char *str)
..\src\Examoles.c:16:14: warning: incompatible implicit declaration of built-in function 'strlen' [-Wbuiltin-declaration-mismatch]
   16 |         size=strlen(str);
      |              ^~~~~~
..\src\Examoles.c:16:14: note: include '<string.h>' or provide a declaration of 'strlen'
..\src\Examoles.c:19:48: error: expected ')' before '{' token
   19 |                 if((i==(size-1))||(i==(size-2))
      |                   ~                            ^
      |                                                )
   20 |                 {
      |                 ~                               
..\src\Examoles.c:23:9: error: expected expression before '}' token
   23 |         }
      |         ^
16:31:39 **** Incremental Build of configuration Debug for project Examoles ****
Info: Internal Builder is used for build
gcc -O0 -g3 -Wall -c -fmessage-length=0 -o "src\\Examoles.o" "..\\src\\Examoles.c" 
..\src\Examoles.c: In function 'string':
..\src\Examoles.c:23:48: error: expected ')' before '{' token
   23 |                 if((i==(size-1))||(i==(size-2))
      |                   ~                            ^
      |                                                )
   24 |                 {
      |                 ~                               
..\src\Examoles.c:27:9: error: expected expression before '}' token
   27 |         }
      |         ^
16:32:30 **** Incremental Build of configuration Debug for project Examoles ****
Info: Internal Builder is used for build
gcc -O0 -g3 -Wall -c -fmessage-length=0 -o "src\\Examoles.o" "..\\src\\Examoles.c" 
gcc -o Examoles.exe "src\\Examoles.o" 
16:36:49 **** Incremental Build of configuration Debug for project Examoles ****
Info: Internal Builder is used for build
gcc -O0 -g3 -Wall -c -fmessage-length=0 -o "src\\Examoles.o" "..\\src\\Examoles.c" 
..\src\Examoles.c: In function 'main':
..\src\Examoles.c:36:18: warning: format '%s' expects argument of type 'char *', but argument 2 has type 'int' [-Wformat=]
   36 |         printf("%s",*str);
      |                 ~^  ~~~~
      |                  |  |
      |                  |  int
      |                  char *
      |                 %d
gcc -o Examoles.exe "src\\Examoles.o" 
Info: Nothing to build for Examoles
16:37:05 **** Incremental Build of configuration Debug for project Examoles ****
Info: Internal Builder is used for build
gcc -O0 -g3 -Wall -c -fmessage-length=0 -o "src\\Examoles.o" "..\\src\\Examoles.c" 
gcc -o Examoles.exe "src\\Examoles.o" 
Info: Nothing to build for Examoles
16:48:28 **** Incremental Build of configuration Debug for project Examoles ****
Info: Internal Builder is used for build
gcc -O0 -g3 -Wall -c -fmessage-length=0 -o "src\\Examoles.o" "..\\src\\Examoles.c" 
..\src\Examoles.c: In function 'main':
..\src\Examoles.c:33:33: warning: array subscript has type 'char' [-Wchar-subscripts]
   33 |                 printf("%c",temp[i]);
      |                                 ^
gcc -o Examoles.exe "src\\Examoles.o" 
16:49:03 **** Incremental Build of configuration Debug for project Examoles ****
Info: Internal Builder is used for build
gcc -O0 -g3 -Wall -c -fmessage-length=0 -o "src\\Examoles.o" "..\\src\\Examoles.c" 
..\src\Examoles.c: In function 'main':
..\src\Examoles.c:33:33: warning: array subscript has type 'char' [-Wchar-subscripts]
   33 |                 printf("%c",temp[i]);
      |                                 ^
gcc -o Examoles.exe "src\\Examoles.o" 
Info: Nothing to build for Examoles
16:49:55 **** Incremental Build of configuration Debug for project Examoles ****
Info: Internal Builder is used for build
gcc -O0 -g3 -Wall -c -fmessage-length=0 -o "src\\Examoles.o" "..\\src\\Examoles.c" 
..\src\Examoles.c: In function 'main':
..\src\Examoles.c:33:33: warning: array subscript has type 'char' [-Wchar-subscripts]
   33 |                 printf("%c",temp[i]);
      |                                 ^
gcc -o Examoles.exe "src\\Examoles.o" 
Info: Nothing to build for Examoles
16:50:20 **** Incremental Build of configuration Debug for project Examoles ****
Info: Internal Builder is used for build
gcc -O0 -g3 -Wall -c -fmessage-length=0 -o "src\\Examoles.o" "..\\src\\Examoles.c" 
gcc -o Examoles.exe "src\\Examoles.o" 
Info: Nothing to build for Examoles
16:51:31 **** Incremental Build of configuration Debug for project Examoles ****
Info: Internal Builder is used for build
gcc -O0 -g3 -Wall -c -fmessage-length=0 -o "src\\Examoles.o" "..\\src\\Examoles.c" 
..\src\Examoles.c: In function 'main':
..\src\Examoles.c:33:33: warning: array subscript has type 'char' [-Wchar-subscripts]
   33 |                 printf("%c",temp[i]);
      |                                 ^
gcc -o Examoles.exe "src\\Examoles.o" 
Info: Nothing to build for Examoles
16:52:04 **** Incremental Build of configuration Debug for project Examoles ****
Info: Internal Builder is used for build
gcc -O0 -g3 -Wall -c -fmessage-length=0 -o "src\\Examoles.o" "..\\src\\Examoles.c" 
..\src\Examoles.c: In function 'main':
..\src\Examoles.c:28:21: error: invalid initializer
   28 |         char temp[]='\0',i=0;
      |                     ^~~~
..\src\Examoles.c:33:33: warning: array subscript has type 'char' [-Wchar-subscripts]
   33 |                 printf("%c",temp[i]);
      |                                 ^
16:52:20 **** Incremental Build of configuration Debug for project Examoles ****
Info: Internal Builder is used for build
gcc -O0 -g3 -Wall -c -fmessage-length=0 -o "src\\Examoles.o" "..\\src\\Examoles.c" 
..\src\Examoles.c: In function 'main':
..\src\Examoles.c:33:33: warning: array subscript has type 'char' [-Wchar-subscripts]
   33 |                 printf("%c",temp[i]);
      |                                 ^
gcc -o Examoles.exe "src\\Examoles.o" 
Info: Nothing to build for Examoles
16:52:45 **** Incremental Build of configuration Debug for project Examoles ****
Info: Internal Builder is used for build
gcc -O0 -g3 -Wall -c -fmessage-length=0 -o "src\\Examoles.o" "..\\src\\Examoles.c" 
gcc -o Examoles.exe "src\\Examoles.o" 
Info: Nothing to build for Examoles
Info: Nothing to build for Examoles
16:54:13 **** Incremental Build of configuration Debug for project Examoles ****
Info: Internal Builder is used for build
gcc -O0 -g3 -Wall -c -fmessage-length=0 -o "src\\Examoles.o" "..\\src\\Examoles.c" 
gcc -o Examoles.exe "src\\Examoles.o" 
Info: Nothing to build for Examoles
16:54:30 **** Incremental Build of configuration Debug for project Examoles ****
Info: Internal Builder is used for build
gcc -O0 -g3 -Wall -c -fmessage-length=0 -o "src\\Examoles.o" "..\\src\\Examoles.c" 
gcc -o Examoles.exe "src\\Examoles.o" 
Info: Nothing to build for Examoles
16:54:52 **** Incremental Build of configuration Debug for project Examoles ****
Info: Internal Builder is used for build
gcc -O0 -g3 -Wall -c -fmessage-length=0 -o "src\\Examoles.o" "..\\src\\Examoles.c" 
..\src\Examoles.c: In function 'main':
..\src\Examoles.c:29:13: warning: unused variable 'i' [-Wunused-variable]
   29 |         int i=0;
      |             ^
gcc -o Examoles.exe "src\\Examoles.o" 
Info: Nothing to build for Examoles
16:56:54 **** Incremental Build of configuration Debug for project Examoles ****
Info: Internal Builder is used for build
gcc -O0 -g3 -Wall -c -fmessage-length=0 -o "src\\Examoles.o" "..\\src\\Examoles.c" 
..\src\Examoles.c: In function 'main':
..\src\Examoles.c:29:13: warning: unused variable 'i' [-Wunused-variable]
   29 |         int i=0;
      |             ^
gcc -o Examoles.exe "src\\Examoles.o" 
Info: Nothing to build for Examoles
16:57:12 **** Incremental Build of configuration Debug for project Examoles ****
Info: Internal Builder is used for build
gcc -O0 -g3 -Wall -c -fmessage-length=0 -o "src\\Examoles.o" "..\\src\\Examoles.c" 
..\src\Examoles.c: In function 'main':
..\src\Examoles.c:30:15: warning: unused variable 'str' [-Wunused-variable]
   30 |         char *str="hussin";
      |               ^~~
..\src\Examoles.c:29:13: warning: unused variable 'i' [-Wunused-variable]
   29 |         int i=0;
      |             ^
..\src\Examoles.c:32:25: warning: 'temp' is used uninitialized [-Wuninitialized]
   32 |         printf("%c",temp[1]);
      |                     ~~~~^~~
..\src\Examoles.c:28:14: note: 'temp' declared here
   28 |         char temp[3];
      |              ^~~~
gcc -o Examoles.exe "src\\Examoles.o" 
16:57:40 **** Incremental Build of configuration Debug for project Examoles ****
Info: Internal Builder is used for build
gcc -O0 -g3 -Wall -c -fmessage-length=0 -o "src\\Examoles.o" "..\\src\\Examoles.c" 
..\src\Examoles.c: In function 'main':
..\src\Examoles.c:30:15: warning: unused variable 'str' [-Wunused-variable]
   30 |         char *str="hussin";
      |               ^~~
..\src\Examoles.c:29:13: warning: unused variable 'i' [-Wunused-variable]
   29 |         int i=0;
      |             ^
gcc -o Examoles.exe "src\\Examoles.o" 
Info: Nothing to build for Examoles
16:58:01 **** Incremental Build of configuration Debug for project Examoles ****
Info: Internal Builder is used for build
gcc -O0 -g3 -Wall -c -fmessage-length=0 -o "src\\Examoles.o" "..\\src\\Examoles.c" 
..\src\Examoles.c: In function 'main':
..\src\Examoles.c:30:15: warning: unused variable 'str' [-Wunused-variable]
   30 |         char *str="hussin";
      |               ^~~
gcc -o Examoles.exe "src\\Examoles.o" 
Info: Nothing to build for Examoles
16:58:36 **** Incremental Build of configuration Debug for project Examoles ****
Info: Internal Builder is used for build
gcc -O0 -g3 -Wall -c -fmessage-length=0 -o "src\\Examoles.o" "..\\src\\Examoles.c" 
..\src\Examoles.c: In function 'main':
..\src\Examoles.c:30:15: warning: unused variable 'str' [-Wunused-variable]
   30 |         char *str="hussin";
      |               ^~~
gcc -o Examoles.exe "src\\Examoles.o" 
Info: Nothing to build for Examoles
16:58:45 **** Incremental Build of configuration Debug for project Examoles ****
Info: Internal Builder is used for build
gcc -O0 -g3 -Wall -c -fmessage-length=0 -o "src\\Examoles.o" "..\\src\\Examoles.c" 
gcc -o Examoles.exe "src\\Examoles.o" 
Info: Nothing to build for Examoles
16:59:08 **** Incremental Build of configuration Debug for project Examoles ****
Info: Internal Builder is used for build
gcc -O0 -g3 -Wall -c -fmessage-length=0 -o "src\\Examoles.o" "..\\src\\Examoles.c" 
gcc -o Examoles.exe "src\\Examoles.o" 
Info: Nothing to build for Examoles
09:25:52 **** Rebuild of configuration Debug for project Examoles ****
Info: Internal Builder is used for build
gcc -O0 -g3 -Wall -c -fmessage-length=0 -o "src\\Examoles.o" "..\\src\\Examoles.c" 
..\src\Examoles.c: In function 'repetitions':
..\src\Examoles.c:13:6: warning: type of 'arr' defaults to 'int' [-Wimplicit-int]
   13 | void repetitions(arr,size)
      |      ^~~~~~~~~~~
..\src\Examoles.c:13:6: warning: type of 'size' defaults to 'int' [-Wimplicit-int]
..\src\Examoles.c:20:31: error: subscripted value is neither array nor pointer nor vector
   20 |                         if(arr[i]==arr[j])
      |                               ^
..\src\Examoles.c:20:39: error: subscripted value is neither array nor pointer nor vector
   20 |                         if(arr[i]==arr[j])
      |                                       ^
..\src\Examoles.c:25:40: error: subscripted value is neither array nor pointer nor vector
   25 |                         printf("%d",arr[i]);
      |                                        ^
..\src\Examoles.c: In function 'main':
..\src\Examoles.c:33:17: error: variable-sized object may not be initialized
   33 |                 int arr[size]={1,1,2,2,2,2,3,3,3,4};
      |                 ^~~
09:26:33 **** Incremental Build of configuration Debug for project Examoles ****
Info: Internal Builder is used for build
gcc -O0 -g3 -Wall -c -fmessage-length=0 -o "src\\Examoles.o" "..\\src\\Examoles.c" 
..\src\Examoles.c: In function 'main':
..\src\Examoles.c:33:17: error: variable-sized object may not be initialized
   33 |                 int arr[size]={1,1,2,2,2,2,3,3,3,4};
      |                 ^~~
09:29:11 **** Incremental Build of configuration Debug for project Examoles ****
Info: Internal Builder is used for build
gcc -O0 -g3 -Wall -c -fmessage-length=0 -o "src\\Examoles.o" "..\\src\\Examoles.c" 
..\src\Examoles.c: In function 'main':
..\src\Examoles.c:33:9: error: variable-sized object may not be initialized
   33 |         int arr[size]={1,1,2,2,3,4,4,4,4};
      |         ^~~
09:29:13 **** Incremental Build of configuration Debug for project Examoles ****
Info: Internal Builder is used for build
gcc -O0 -g3 -Wall -c -fmessage-length=0 -o "src\\Examoles.o" "..\\src\\Examoles.c" 
..\src\Examoles.c: In function 'main':
..\src\Examoles.c:33:9: error: variable-sized object may not be initialized
   33 |         int arr[size]={1,1,2,2,3,4,4,4,4};
      |         ^~~
09:29:28 **** Incremental Build of configuration Debug for project Examoles ****
Info: Internal Builder is used for build
gcc -O0 -g3 -Wall -c -fmessage-length=0 -o "src\\Examoles.o" "..\\src\\Examoles.c" 
gcc -o Examoles.exe "src\\Examoles.o" 
Info: Nothing to build for Examoles
Info: Nothing to build for Examoles
09:29:49 **** Incremental Build of configuration Debug for project Examoles ****
Info: Internal Builder is used for build
gcc -O0 -g3 -Wall -c -fmessage-length=0 -o "src\\Examoles.o" "..\\src\\Examoles.c" 
gcc -o Examoles.exe "src\\Examoles.o" 
Info: Nothing to build for Examoles
09:30:30 **** Incremental Build of configuration Debug for project Examoles ****
Info: Internal Builder is used for build
gcc -O0 -g3 -Wall -c -fmessage-length=0 -o "src\\Examoles.o" "..\\src\\Examoles.c" 
gcc -o Examoles.exe "src\\Examoles.o" 
Info: Nothing to build for Examoles
09:48:57 **** Incremental Build of configuration Debug for project Examoles ****
Info: Internal Builder is used for build
gcc -O0 -g3 -Wall -c -fmessage-length=0 -o "src\\Examoles.o" "..\\src\\Examoles.c" 
..\src\Examoles.c: In function 'main':
..\src\Examoles.c:20:21: warning: initialization of 'short int *' from incompatible pointer type 'int *' [-Wincompatible-pointer-types]
   20 |         short *ptr1=&x;
      |                     ^
gcc -o Examoles.exe "src\\Examoles.o" 
Info: Nothing to build for Examoles
09:50:10 **** Incremental Build of configuration Debug for project Examoles ****
Info: Internal Builder is used for build
gcc -O0 -g3 -Wall -c -fmessage-length=0 -o "src\\Examoles.o" "..\\src\\Examoles.c" 
..\src\Examoles.c: In function 'main':
..\src\Examoles.c:20:21: warning: initialization of 'short int *' from incompatible pointer type 'int *' [-Wincompatible-pointer-types]
   20 |         short *ptr1=&x;
      |                     ^
gcc -o Examoles.exe "src\\Examoles.o" 
Info: Nothing to build for Examoles
09:50:36 **** Incremental Build of configuration Debug for project Examoles ****
Info: Internal Builder is used for build
gcc -O0 -g3 -Wall -c -fmessage-length=0 -o "src\\Examoles.o" "..\\src\\Examoles.c" 
..\src\Examoles.c: In function 'main':
..\src\Examoles.c:20:21: warning: initialization of 'short int *' from incompatible pointer type 'int *' [-Wincompatible-pointer-types]
   20 |         short *ptr1=&x;
      |                     ^
gcc -o Examoles.exe "src\\Examoles.o" 
Info: Nothing to build for Examoles
09:51:06 **** Incremental Build of configuration Debug for project Examoles ****
Info: Internal Builder is used for build
gcc -O0 -g3 -Wall -c -fmessage-length=0 -o "src\\Examoles.o" "..\\src\\Examoles.c" 
..\src\Examoles.c: In function 'main':
..\src\Examoles.c:20:21: warning: initialization of 'short int *' from incompatible pointer type 'int *' [-Wincompatible-pointer-types]
   20 |         short *ptr1=&x;
      |                     ^
gcc -o Examoles.exe "src\\Examoles.o" 
Info: Nothing to build for Examoles
09:51:31 **** Incremental Build of configuration Debug for project Examoles ****
Info: Internal Builder is used for build
gcc -O0 -g3 -Wall -c -fmessage-length=0 -o "src\\Examoles.o" "..\\src\\Examoles.c" 
..\src\Examoles.c: In function 'main':
..\src\Examoles.c:20:20: warning: initialization of 'char *' from incompatible pointer type 'int *' [-Wincompatible-pointer-types]
   20 |         char *ptr1=&x;
      |                    ^
gcc -o Examoles.exe "src\\Examoles.o" 
Info: Nothing to build for Examoles
09:52:26 **** Incremental Build of configuration Debug for project Examoles ****
Info: Internal Builder is used for build
gcc -O0 -g3 -Wall -c -fmessage-length=0 -o "src\\Examoles.o" "..\\src\\Examoles.c" 
..\src\Examoles.c: In function 'main':
..\src\Examoles.c:25:23: error: expected ';' before 'return'
   25 |         printf("%x",y)
      |                       ^
      |                       ;
   26 |         return 0;
      |         ~~~~~~         
09:52:37 **** Incremental Build of configuration Debug for project Examoles ****
Info: Internal Builder is used for build
gcc -O0 -g3 -Wall -c -fmessage-length=0 -o "src\\Examoles.o" "..\\src\\Examoles.c" 
gcc -o Examoles.exe "src\\Examoles.o" 
Info: Nothing to build for Examoles
09:54:57 **** Incremental Build of configuration Debug for project Examoles ****
Info: Internal Builder is used for build
gcc -O0 -g3 -Wall -c -fmessage-length=0 -o "src\\Examoles.o" "..\\src\\Examoles.c" 
gcc -o Examoles.exe "src\\Examoles.o" 
Info: Nothing to build for Examoles
09:57:32 **** Incremental Build of configuration Debug for project Examoles ****
Info: Internal Builder is used for build
gcc -O0 -g3 -Wall -c -fmessage-length=0 -o "src\\Examoles.o" "..\\src\\Examoles.c" 
..\src\Examoles.c: In function 'main':
..\src\Examoles.c:20:21: warning: initialization of 'short int *' from incompatible pointer type 'int *' [-Wincompatible-pointer-types]
   20 |         short *ptr1=&x;
      |                     ^
gcc -o Examoles.exe "src\\Examoles.o" 
Info: Nothing to build for Examoles
09:57:51 **** Incremental Build of configuration Debug for project Examoles ****
Info: Internal Builder is used for build
gcc -O0 -g3 -Wall -c -fmessage-length=0 -o "src\\Examoles.o" "..\\src\\Examoles.c" 
..\src\Examoles.c: In function 'main':
..\src\Examoles.c:20:21: warning: initialization of 'short int *' from incompatible pointer type 'int *' [-Wincompatible-pointer-types]
   20 |         short *ptr1=&x;
      |                     ^
gcc -o Examoles.exe "src\\Examoles.o" 
Info: Nothing to build for Examoles
09:58:11 **** Incremental Build of configuration Debug for project Examoles ****
Info: Internal Builder is used for build
gcc -O0 -g3 -Wall -c -fmessage-length=0 -o "src\\Examoles.o" "..\\src\\Examoles.c" 
..\src\Examoles.c: In function 'main':
..\src\Examoles.c:20:21: warning: initialization of 'short int *' from incompatible pointer type 'int *' [-Wincompatible-pointer-types]
   20 |         short *ptr1=&x;
      |                     ^
gcc -o Examoles.exe "src\\Examoles.o" 
Info: Nothing to build for Examoles
09:58:24 **** Incremental Build of configuration Debug for project Examoles ****
Info: Internal Builder is used for build
gcc -O0 -g3 -Wall -c -fmessage-length=0 -o "src\\Examoles.o" "..\\src\\Examoles.c" 
..\src\Examoles.c: In function 'main':
..\src\Examoles.c:20:21: warning: initialization of 'short int *' from incompatible pointer type 'int *' [-Wincompatible-pointer-types]
   20 |         short *ptr1=&x;
      |                     ^
..\src\Examoles.c:22:13: error: 'ptr101' undeclared (first use in this function); did you mean 'ptr1'?
   22 |         y=y&ptr101];
      |             ^~~~~~
      |             ptr1
..\src\Examoles.c:22:13: note: each undeclared identifier is reported only once for each function it appears in
..\src\Examoles.c:22:19: error: expected ';' before ']' token
   22 |         y=y&ptr101];
      |                   ^
      |                   ;
..\src\Examoles.c:22:19: error: expected statement before ']' token
09:58:37 **** Incremental Build of configuration Debug for project Examoles ****
Info: Internal Builder is used for build
gcc -O0 -g3 -Wall -c -fmessage-length=0 -o "src\\Examoles.o" "..\\src\\Examoles.c" 
..\src\Examoles.c: In function 'main':
..\src\Examoles.c:20:21: warning: initialization of 'short int *' from incompatible pointer type 'int *' [-Wincompatible-pointer-types]
   20 |         short *ptr1=&x;
      |                     ^
gcc -o Examoles.exe "src\\Examoles.o" 
Info: Nothing to build for Examoles
10:02:44 **** Incremental Build of configuration Debug for project Examoles ****
Info: Internal Builder is used for build
gcc -O0 -g3 -Wall -c -fmessage-length=0 -o "src\\Examoles.o" "..\\src\\Examoles.c" 
..\src\Examoles.c: In function 'main':
..\src\Examoles.c:20:21: warning: initialization of 'short int *' from incompatible pointer type 'int *' [-Wincompatible-pointer-types]
   20 |         short *ptr1=&x;
      |                     ^
..\src\Examoles.c:21:21: warning: initialization of 'short int *' from incompatible pointer type 'int *' [-Wincompatible-pointer-types]
   21 |         short *ptr2=&y;
      |                     ^
gcc -o Examoles.exe "src\\Examoles.o" 
Info: Nothing to build for Examoles
10:03:05 **** Incremental Build of configuration Debug for project Examoles ****
Info: Internal Builder is used for build
gcc -O0 -g3 -Wall -c -fmessage-length=0 -o "src\\Examoles.o" "..\\src\\Examoles.c" 
..\src\Examoles.c: In function 'main':
..\src\Examoles.c:20:21: warning: initialization of 'short int *' from incompatible pointer type 'int *' [-Wincompatible-pointer-types]
   20 |         short *ptr1=&x;
      |                     ^
..\src\Examoles.c:21:21: warning: initialization of 'short int *' from incompatible pointer type 'int *' [-Wincompatible-pointer-types]
   21 |         short *ptr2=&y;
      |                     ^
gcc -o Examoles.exe "src\\Examoles.o" 
Info: Nothing to build for Examoles
12:15:47 **** Rebuild of configuration Debug for project Examoles ****
Info: Internal Builder is used for build
gcc -O0 -g3 -Wall -c -fmessage-length=0 -o "src\\Examoles.o" "..\\src\\Examoles.c" 
..\src\Examoles.c: In function 'main':
..\src\Examoles.c:20:35: warning: variable 're' set but not used [-Wunused-but-set-variable]
   20 |         int i=0,j=0,count=0,max=0,re=0;;
      |                                   ^~
gcc -o Examoles.exe "src\\Examoles.o" 
12:16:10 **** Incremental Build of configuration Debug for project Examoles ****
Info: Internal Builder is used for build
gcc -O0 -g3 -Wall -c -fmessage-length=0 -o "src\\Examoles.o" "..\\src\\Examoles.c" 
gcc -o Examoles.exe "src\\Examoles.o" 
Info: Nothing to build for Examoles
12:16:56 **** Incremental Build of configuration Debug for project Examoles ****
Info: Internal Builder is used for build
gcc -O0 -g3 -Wall -c -fmessage-length=0 -o "src\\Examoles.o" "..\\src\\Examoles.c" 
gcc -o Examoles.exe "src\\Examoles.o" 
Info: Nothing to build for Examoles
12:17:51 **** Incremental Build of configuration Debug for project Examoles ****
Info: Internal Builder is used for build
gcc -O0 -g3 -Wall -c -fmessage-length=0 -o "src\\Examoles.o" "..\\src\\Examoles.c" 
gcc -o Examoles.exe "src\\Examoles.o" 
Info: Nothing to build for Examoles
12:38:43 **** Incremental Build of configuration Debug for project Examoles ****
Info: Internal Builder is used for build
gcc -O0 -g3 -Wall -c -fmessage-length=0 -o "src\\Examoles.o" "..\\src\\Examoles.c" 
gcc -o Examoles.exe "src\\Examoles.o" 
Info: Nothing to build for Examoles
12:40:00 **** Incremental Build of configuration Debug for project Examoles ****
Info: Internal Builder is used for build
gcc -O0 -g3 -Wall -c -fmessage-length=0 -o "src\\Examoles.o" "..\\src\\Examoles.c" 
gcc -o Examoles.exe "src\\Examoles.o" 
Info: Nothing to build for Examoles
12:44:54 **** Incremental Build of configuration Debug for project Examoles ****
Info: Internal Builder is used for build
gcc -O0 -g3 -Wall -c -fmessage-length=0 -o "src\\Examoles.o" "..\\src\\Examoles.c" 
gcc -o Examoles.exe "src\\Examoles.o" 
Info: Nothing to build for Examoles
12:57:15 **** Incremental Build of configuration Debug for project Examoles ****
Info: Internal Builder is used for build
gcc -O0 -g3 -Wall -c -fmessage-length=0 -o "src\\Examoles.o" "..\\src\\Examoles.c" 
gcc -o Examoles.exe "src\\Examoles.o" 
Info: Nothing to build for Examoles
12:57:28 **** Incremental Build of configuration Debug for project Examoles ****
Info: Internal Builder is used for build
gcc -O0 -g3 -Wall -c -fmessage-length=0 -o "src\\Examoles.o" "..\\src\\Examoles.c" 
gcc -o Examoles.exe "src\\Examoles.o" 
Info: Nothing to build for Examoles
14:30:25 **** Incremental Build of configuration Debug for project Examoles ****
Info: Internal Builder is used for build
gcc -O0 -g3 -Wall -c -fmessage-length=0 -o "src\\Examoles.o" "..\\src\\Examoles.c" 
gcc -o Examoles.exe "src\\Examoles.o" 
Info: Nothing to build for Examoles
15:01:27 **** Rebuild of configuration Debug for project Examoles ****
Info: Internal Builder is used for build
gcc -O0 -g3 -Wall -c -fmessage-length=0 -o "src\\Examoles.o" "..\\src\\Examoles.c" 
..\src\Examoles.c: In function 'main':
..\src\Examoles.c:16:12: error: assignment to expression with array type
   16 |         arr="hello";
      |            ^
Info: Nothing to build for Examoles
16:04:52 **** Incremental Build of configuration Debug for project Examoles ****
Info: Internal Builder is used for build
gcc -O0 -g3 -Wall -c -fmessage-length=0 -o "src\\Examoles.o" "..\\src\\Examoles.c" 
gcc -o Examoles.exe "src\\Examoles.o" 
Info: Nothing to build for Examoles
16:18:53 **** Incremental Build of configuration Debug for project Examoles ****
Info: Internal Builder is used for build
gcc -O0 -g3 -Wall -c -fmessage-length=0 -o "src\\Examoles.o" "..\\src\\Examoles.c" 
gcc -o Examoles.exe "src\\Examoles.o" 
Info: Nothing to build for Examoles
16:23:16 **** Incremental Build of configuration Debug for project Examoles ****
Info: Internal Builder is used for build
gcc -O0 -g3 -Wall -c -fmessage-length=0 -o "src\\Examoles.o" "..\\src\\Examoles.c" 
..\src\Examoles.c: In function 'main':
..\src\Examoles.c:16:15: warning: suggest parentheses around assignment used as truth value [-Wparentheses]
   16 |         while(result=0)
      |               ^~~~~~
..\src\Examoles.c:20:9: error: 'else' without a previous 'if'
   20 |         else
      |         ^~~~
16:24:33 **** Incremental Build of configuration Debug for project Examoles ****
Info: Internal Builder is used for build
gcc -O0 -g3 -Wall -c -fmessage-length=0 -o "src\\Examoles.o" "..\\src\\Examoles.c" 
..\src\Examoles.c: In function 'main':
..\src\Examoles.c:16:15: warning: suggest parentheses around assignment used as truth value [-Wparentheses]
   16 |         while(result=0)
      |               ^~~~~~
gcc -o Examoles.exe "src\\Examoles.o" 
Info: Nothing to build for Examoles
16:25:03 **** Incremental Build of configuration Debug for project Examoles ****
Info: Internal Builder is used for build
gcc -O0 -g3 -Wall -c -fmessage-length=0 -o "src\\Examoles.o" "..\\src\\Examoles.c" 
..\src\Examoles.c: In function 'main':
..\src\Examoles.c:16:15: warning: suggest parentheses around assignment used as truth value [-Wparentheses]
   16 |         while(result=1)
      |               ^~~~~~
gcc -o Examoles.exe "src\\Examoles.o" 
Info: Nothing to build for Examoles
16:25:18 **** Incremental Build of configuration Debug for project Examoles ****
Info: Internal Builder is used for build
gcc -O0 -g3 -Wall -c -fmessage-length=0 -o "src\\Examoles.o" "..\\src\\Examoles.c" 
..\src\Examoles.c: In function 'main':
..\src\Examoles.c:16:15: warning: suggest parentheses around assignment used as truth value [-Wparentheses]
   16 |         while(result=0)
      |               ^~~~~~
gcc -o Examoles.exe "src\\Examoles.o" 
c:/mingw/bin/../lib/gcc/x86_64-w64-mingw32/11.2.0/../../../../x86_64-w64-mingw32/bin/ld.exe: cannot open output file Examoles.exe: Permission denied
collect2.exe: error: ld returned 1 exit status
16:25:20 **** Incremental Build of configuration Debug for project Examoles ****
Info: Internal Builder is used for build
gcc -o Examoles.exe "src\\Examoles.o" 
c:/mingw/bin/../lib/gcc/x86_64-w64-mingw32/11.2.0/../../../../x86_64-w64-mingw32/bin/ld.exe: cannot open output file Examoles.exe: Permission denied
collect2.exe: error: ld returned 1 exit status
16:25:25 **** Incremental Build of configuration Debug for project Examoles ****
Info: Internal Builder is used for build
gcc -o Examoles.exe "src\\Examoles.o" 
16:26:25 **** Incremental Build of configuration Debug for project Examoles ****
Info: Internal Builder is used for build
gcc -O0 -g3 -Wall -c -fmessage-length=0 -o "src\\Examoles.o" "..\\src\\Examoles.c" 
..\src\Examoles.c: In function 'main':
..\src\Examoles.c:15:13: warning: unused variable 'result' [-Wunused-variable]
   15 |         int result;
      |             ^~~~~~
gcc -o Examoles.exe "src\\Examoles.o" 
Info: Nothing to build for Examoles
16:26:58 **** Incremental Build of configuration Debug for project Examoles ****
Info: Internal Builder is used for build
gcc -O0 -g3 -Wall -c -fmessage-length=0 -o "src\\Examoles.o" "..\\src\\Examoles.c" 
..\src\Examoles.c: In function 'main':
..\src\Examoles.c:17:15: warning: suggest parentheses around assignment used as truth value [-Wparentheses]
   17 |         while(x=x-6)
      |               ^
..\src\Examoles.c:15:13: warning: unused variable 'result' [-Wunused-variable]
   15 |         int result;
      |             ^~~~~~
gcc -o Examoles.exe "src\\Examoles.o" 
Info: Nothing to build for Examoles
16:28:21 **** Incremental Build of configuration Debug for project Examoles ****
Info: Internal Builder is used for build
gcc -O0 -g3 -Wall -c -fmessage-length=0 -o "src\\Examoles.o" "..\\src\\Examoles.c" 
..\src\Examoles.c: In function 'main':
..\src\Examoles.c:16:27: error: expected ';' before 'return'
   16 |         printf("%d",(x=0))
      |                           ^
      |                           ;
   17 |         return 0;
      |         ~~~~~~             
16:28:30 **** Incremental Build of configuration Debug for project Examoles ****
Info: Internal Builder is used for build
gcc -O0 -g3 -Wall -c -fmessage-length=0 -o "src\\Examoles.o" "..\\src\\Examoles.c" 
..\src\Examoles.c: In function 'main':
..\src\Examoles.c:16:25: error: expected ';' before 'return'
   16 |         printf("%d",x=0)
      |                         ^
      |                         ;
   17 |         return 0;
      |         ~~~~~~           
16:28:41 **** Incremental Build of configuration Debug for project Examoles ****
Info: Internal Builder is used for build
gcc -O0 -g3 -Wall -c -fmessage-length=0 -o "src\\Examoles.o" "..\\src\\Examoles.c" 
gcc -o Examoles.exe "src\\Examoles.o" 
Info: Nothing to build for Examoles
16:28:52 **** Incremental Build of configuration Debug for project Examoles ****
Info: Internal Builder is used for build
gcc -O0 -g3 -Wall -c -fmessage-length=0 -o "src\\Examoles.o" "..\\src\\Examoles.c" 
gcc -o Examoles.exe "src\\Examoles.o" 
Info: Nothing to build for Examoles
